[23/Oct/2018 13:01:10] "GET /static/index.html HTTP/1.1" 304 0
[23/Oct/2018 13:01:10] "GET /static/vendor/bootstrap/css/bootstrap.min.css HTTP/1.1" 304 0
[23/Oct/2018 13:01:10] "GET /static/vendor/fontawesome-free/css/all.min.css HTTP/1.1" 304 0
[23/Oct/2018 13:01:10] "GET /static/vendor/magnific-popup/magnific-popup.css HTTP/1.1" 304 0
[23/Oct/2018 13:01:10] "GET /static/css/freelancer.min.css HTTP/1.1" 304 0
[23/Oct/2018 13:01:10] "GET /static/vendor/jquery/jquery.min.js HTTP/1.1" 304 0
[23/Oct/2018 13:01:10] "GET /static/vendor/bootstrap/js/bootstrap.bundle.min.js HTTP/1.1" 304 0
[23/Oct/2018 13:01:10] "GET /static/vendor/jquery-easing/jquery.easing.min.js HTTP/1.1" 304 0
[23/Oct/2018 13:01:10] "GET /static/vendor/magnific-popup/jquery.magnific-popup.min.js HTTP/1.1" 304 0
[23/Oct/2018 13:01:10] "GET /static/js/jqBootstrapValidation.js HTTP/1.1" 304 0
[23/Oct/2018 13:01:10] "GET /static/js/contact_me.js HTTP/1.1" 304 0
[23/Oct/2018 13:01:10] "GET /static/js/freelancer.min.js HTTP/1.1" 304 0
[23/Oct/2018 13:01:11] "GET /static/img/profile.png HTTP/1.1" 304 0
[23/Oct/2018 13:01:11] "GET /static/img/portfolio/cabin.png HTTP/1.1" 304 0
[23/Oct/2018 13:01:11] "GET /static/img/portfolio/cake.png HTTP/1.1" 304 0
[23/Oct/2018 13:01:11] "GET /static/img/portfolio/circus.png HTTP/1.1" 304 0
[23/Oct/2018 13:01:11] "GET /static/img/portfolio/game.png HTTP/1.1" 304 0
[23/Oct/2018 13:01:11] "GET /static/img/portfolio/safe.png HTTP/1.1" 304 0
[23/Oct/2018 13:01:11] "GET /static/img/portfolio/submarine.png HTTP/1.1" 304 0
[23/Oct/2018 13:02:05] "GET /static/index.html HTTP/1.1" 200 19854
[23/Oct/2018 13:02:05] "GET /static/vendor/fontawesome-free/css/all.min.css HTTP/1.1" 304 0
[23/Oct/2018 13:02:05] "GET /static/vendor/magnific-popup/magnific-popup.css HTTP/1.1" 304 0
[23/Oct/2018 13:02:05] "GET /static/vendor/bootstrap/css/bootstrap.min.css HTTP/1.1" 304 0
[23/Oct/2018 13:02:05] "GET /static/css/freelancer.min.css HTTP/1.1" 304 0
[23/Oct/2018 13:02:05] "GET /static/vendor/jquery/jquery.min.js HTTP/1.1" 304 0
[23/Oct/2018 13:02:05] "GET /static/vendor/bootstrap/js/bootstrap.bundle.min.js HTTP/1.1" 304 0
[23/Oct/2018 13:02:05] "GET /static/vendor/jquery-easing/jquery.easing.min.js HTTP/1.1" 304 0
[23/Oct/2018 13:02:05] "GET /static/vendor/magnific-popup/jquery.magnific-popup.min.js HTTP/1.1" 304 0
[23/Oct/2018 13:02:05] "GET /static/js/jqBootstrapValidation.js HTTP/1.1" 304 0
[23/Oct/2018 13:02:05] "GET /static/js/contact_me.js HTTP/1.1" 304 0
[23/Oct/2018 13:02:05] "GET /static/js/freelancer.min.js HTTP/1.1" 304 0
[23/Oct/2018 13:02:05] "GET /static/img/profile.png HTTP/1.1" 304 0
[23/Oct/2018 13:02:05] "GET /static/img/portfolio/cabin.png HTTP/1.1" 304 0
[23/Oct/2018 13:02:05] "GET /static/img/portfolio/cake.png HTTP/1.1" 304 0
[23/Oct/2018 13:02:05] "GET /static/img/portfolio/circus.png HTTP/1.1" 304 0
[23/Oct/2018 13:02:05] "GET /static/img/portfolio/game.png HTTP/1.1" 304 0
[23/Oct/2018 13:02:05] "GET /static/img/portfolio/safe.png HTTP/1.1" 304 0
[23/Oct/2018 13:02:05] "GET /static/img/portfolio/submarine.png HTTP/1.1" 304 0
[23/Oct/2018 13:02:31] "GET /static/index.html HTTP/1.1" 304 0
[23/Oct/2018 13:02:31] "GET /static/vendor/bootstrap/css/bootstrap.min.css HTTP/1.1" 304 0
[23/Oct/2018 13:02:31] "GET /static/vendor/magnific-popup/magnific-popup.css HTTP/1.1" 304 0
[23/Oct/2018 13:02:31] "GET /static/vendor/fontawesome-free/css/all.min.css HTTP/1.1" 304 0
[23/Oct/2018 13:02:31] "GET /static/css/freelancer.min.css HTTP/1.1" 304 0
[23/Oct/2018 13:02:31] "GET /static/vendor/jquery/jquery.min.js HTTP/1.1" 304 0
[23/Oct/2018 13:02:31] "GET /static/vendor/bootstrap/js/bootstrap.bundle.min.js HTTP/1.1" 304 0
[23/Oct/2018 13:02:31] "GET /static/vendor/jquery-easing/jquery.easing.min.js HTTP/1.1" 304 0
[23/Oct/2018 13:02:31] "GET /static/vendor/magnific-popup/jquery.magnific-popup.min.js HTTP/1.1" 304 0
[23/Oct/2018 13:02:31] "GET /static/js/jqBootstrapValidation.js HTTP/1.1" 304 0
[23/Oct/2018 13:02:31] "GET /static/js/contact_me.js HTTP/1.1" 304 0
[23/Oct/2018 13:02:31] "GET /static/js/freelancer.min.js HTTP/1.1" 304 0
[23/Oct/2018 13:02:31] "GET /static/img/profile.png HTTP/1.1" 304 0
[23/Oct/2018 13:02:31] "GET /static/img/portfolio/cabin.png HTTP/1.1" 304 0
[23/Oct/2018 13:02:31] "GET /static/img/portfolio/cake.png HTTP/1.1" 304 0
[23/Oct/2018 13:02:31] "GET /static/img/portfolio/circus.png HTTP/1.1" 304 0
[23/Oct/2018 13:02:31] "GET /static/img/portfolio/game.png HTTP/1.1" 304 0
[23/Oct/2018 13:02:31] "GET /static/img/portfolio/safe.png HTTP/1.1" 304 0
[23/Oct/2018 13:02:31] "GET /static/img/portfolio/submarine.png HTTP/1.1" 304 0
[23/Oct/2018 13:03:43] "GET /static/index.html HTTP/1.1" 200 19857
[23/Oct/2018 13:03:43] "GET /static/vendor/bootstrap/css/bootstrap.min.css HTTP/1.1" 304 0
[23/Oct/2018 13:03:43] "GET /static/vendor/fontawesome-free/css/all.min.css HTTP/1.1" 304 0
[23/Oct/2018 13:03:43] "GET /static/vendor/magnific-popup/magnific-popup.css HTTP/1.1" 304 0
[23/Oct/2018 13:03:43] "GET /static/css/freelancer.min.css HTTP/1.1" 304 0
[23/Oct/2018 13:03:43] "GET /static/vendor/jquery/jquery.min.js HTTP/1.1" 304 0
[23/Oct/2018 13:03:43] "GET /static/vendor/bootstrap/js/bootstrap.bundle.min.js HTTP/1.1" 304 0
[23/Oct/2018 13:03:43] "GET /static/vendor/jquery-easing/jquery.easing.min.js HTTP/1.1" 304 0
[23/Oct/2018 13:03:43] "GET /static/vendor/magnific-popup/jquery.magnific-popup.min.js HTTP/1.1" 304 0
[23/Oct/2018 13:03:43] "GET /static/js/jqBootstrapValidation.js HTTP/1.1" 304 0
[23/Oct/2018 13:03:43] "GET /static/js/contact_me.js HTTP/1.1" 304 0
[23/Oct/2018 13:03:43] "GET /static/js/freelancer.min.js HTTP/1.1" 304 0
[23/Oct/2018 13:03:43] "GET /static/img/profile.png HTTP/1.1" 304 0
[23/Oct/2018 13:03:43] "GET /static/img/portfolio/cabin.png HTTP/1.1" 304 0
[23/Oct/2018 13:03:43] "GET /static/img/portfolio/cake.png HTTP/1.1" 304 0
[23/Oct/2018 13:03:43] "GET /static/img/portfolio/circus.png HTTP/1.1" 304 0
[23/Oct/2018 13:03:43] "GET /static/img/portfolio/game.png HTTP/1.1" 304 0
[23/Oct/2018 13:03:43] "GET /static/img/portfolio/safe.png HTTP/1.1" 304 0
[23/Oct/2018 13:03:43] "GET /static/img/portfolio/submarine.png HTTP/1.1" 304 0
[23/Oct/2018 13:04:07] "GET /static/index.html HTTP/1.1" 304 0
[23/Oct/2018 13:04:07] "GET /static/vendor/bootstrap/css/bootstrap.min.css HTTP/1.1" 304 0
[23/Oct/2018 13:04:07] "GET /static/vendor/fontawesome-free/css/all.min.css HTTP/1.1" 304 0
[23/Oct/2018 13:04:07] "GET /static/vendor/magnific-popup/magnific-popup.css HTTP/1.1" 304 0
[23/Oct/2018 13:04:07] "GET /static/css/freelancer.min.css HTTP/1.1" 304 0
[23/Oct/2018 13:04:07] "GET /static/vendor/jquery/jquery.min.js HTTP/1.1" 304 0
[23/Oct/2018 13:04:07] "GET /static/vendor/bootstrap/js/bootstrap.bundle.min.js HTTP/1.1" 304 0
[23/Oct/2018 13:04:07] "GET /static/vendor/jquery-easing/jquery.easing.min.js HTTP/1.1" 304 0
[23/Oct/2018 13:04:07] "GET /static/vendor/magnific-popup/jquery.magnific-popup.min.js HTTP/1.1" 304 0
[23/Oct/2018 13:04:07] "GET /static/js/jqBootstrapValidation.js HTTP/1.1" 304 0
[23/Oct/2018 13:04:07] "GET /static/js/contact_me.js HTTP/1.1" 304 0
[23/Oct/2018 13:04:07] "GET /static/js/freelancer.min.js HTTP/1.1" 304 0
[23/Oct/2018 13:04:07] "GET /static/img/profile.png HTTP/1.1" 304 0
[23/Oct/2018 13:04:07] "GET /static/img/portfolio/cabin.png HTTP/1.1" 304 0
[23/Oct/2018 13:04:07] "GET /static/img/portfolio/cake.png HTTP/1.1" 304 0
[23/Oct/2018 13:04:07] "GET /static/img/portfolio/circus.png HTTP/1.1" 304 0
[23/Oct/2018 13:04:07] "GET /static/img/portfolio/game.png HTTP/1.1" 304 0
[23/Oct/2018 13:04:07] "GET /static/img/portfolio/safe.png HTTP/1.1" 304 0
[23/Oct/2018 13:04:07] "GET /static/img/portfolio/submarine.png HTTP/1.1" 304 0
[23/Oct/2018 13:04:28] "GET /static/index.html HTTP/1.1" 304 0
[23/Oct/2018 13:04:28] "GET /static/vendor/bootstrap/css/bootstrap.min.css HTTP/1.1" 304 0
[23/Oct/2018 13:04:28] "GET /static/vendor/fontawesome-free/css/all.min.css HTTP/1.1" 304 0
[23/Oct/2018 13:04:28] "GET /static/vendor/magnific-popup/magnific-popup.css HTTP/1.1" 304 0
[23/Oct/2018 13:04:28] "GET /static/css/freelancer.min.css HTTP/1.1" 304 0
[23/Oct/2018 13:04:28] "GET /static/vendor/jquery/jquery.min.js HTTP/1.1" 304 0
[23/Oct/2018 13:04:28] "GET /static/vendor/bootstrap/js/bootstrap.bundle.min.js HTTP/1.1" 304 0
[23/Oct/2018 13:04:28] "GET /static/vendor/jquery-easing/jquery.easing.min.js HTTP/1.1" 304 0
[23/Oct/2018 13:04:28] "GET /static/vendor/magnific-popup/jquery.magnific-popup.min.js HTTP/1.1" 304 0
[23/Oct/2018 13:04:28] "GET /static/js/jqBootstrapValidation.js HTTP/1.1" 304 0
[23/Oct/2018 13:04:28] "GET /static/js/contact_me.js HTTP/1.1" 304 0
[23/Oct/2018 13:04:28] "GET /static/js/freelancer.min.js HTTP/1.1" 304 0
[23/Oct/2018 13:04:28] "GET /static/img/profile.png HTTP/1.1" 304 0
[23/Oct/2018 13:04:28] "GET /static/img/portfolio/cabin.png HTTP/1.1" 304 0
[23/Oct/2018 13:04:28] "GET /static/img/portfolio/cake.png HTTP/1.1" 304 0
[23/Oct/2018 13:04:28] "GET /static/img/portfolio/circus.png HTTP/1.1" 304 0
[23/Oct/2018 13:04:28] "GET /static/img/portfolio/game.png HTTP/1.1" 304 0
[23/Oct/2018 13:04:28] "GET /static/img/portfolio/safe.png HTTP/1.1" 304 0
[23/Oct/2018 13:04:28] "GET /static/img/portfolio/submarine.png HTTP/1.1" 304 0
[23/Oct/2018 13:04:42] "GET /static/index.html HTTP/1.1" 200 19857
[23/Oct/2018 13:04:42] "GET /static/vendor/bootstrap/css/bootstrap.min.css HTTP/1.1" 304 0
[23/Oct/2018 13:04:42] "GET /static/vendor/fontawesome-free/css/all.min.css HTTP/1.1" 304 0
[23/Oct/2018 13:04:42] "GET /static/vendor/magnific-popup/magnific-popup.css HTTP/1.1" 304 0
[23/Oct/2018 13:04:42] "GET /static/css/freelancer.min.css HTTP/1.1" 304 0
[23/Oct/2018 13:04:42] "GET /static/img/profile.png HTTP/1.1" 304 0
[23/Oct/2018 13:04:42] "GET /static/img/portfolio/cabin.png HTTP/1.1" 304 0
[23/Oct/2018 13:04:42] "GET /static/vendor/jquery/jquery.min.js HTTP/1.1" 304 0
[23/Oct/2018 13:04:42] "GET /static/vendor/bootstrap/js/bootstrap.bundle.min.js HTTP/1.1" 304 0
[23/Oct/2018 13:04:42] "GET /static/vendor/jquery-easing/jquery.easing.min.js HTTP/1.1" 304 0
[23/Oct/2018 13:04:42] "GET /static/vendor/magnific-popup/jquery.magnific-popup.min.js HTTP/1.1" 304 0
[23/Oct/2018 13:04:42] "GET /static/js/jqBootstrapValidation.js HTTP/1.1" 304 0
[23/Oct/2018 13:04:42] "GET /static/js/contact_me.js HTTP/1.1" 304 0
[23/Oct/2018 13:04:42] "GET /static/js/freelancer.min.js HTTP/1.1" 304 0
[23/Oct/2018 13:04:42] "GET /static/img/portfolio/cake.png HTTP/1.1" 304 0
[23/Oct/2018 13:04:42] "GET /static/img/portfolio/circus.png HTTP/1.1" 304 0
[23/Oct/2018 13:04:42] "GET /static/img/portfolio/game.png HTTP/1.1" 304 0
[23/Oct/2018 13:04:42] "GET /static/img/portfolio/safe.png HTTP/1.1" 304 0
[23/Oct/2018 13:04:42] "GET /static/img/portfolio/submarine.png HTTP/1.1" 304 0
[23/Oct/2018 13:04:42] "GET /static/vendor/fontawesome-free/webfonts/fa-solid-900.woff2 HTTP/1.1" 304 0
[23/Oct/2018 13:04:42] "GET /static/vendor/fontawesome-free/webfonts/fa-brands-400.woff2 HTTP/1.1" 304 0
[23/Oct/2018 13:05:38] "GET /static/index.html HTTP/1.1" 304 0
[23/Oct/2018 13:05:38] "GET /static/vendor/bootstrap/css/bootstrap.min.css HTTP/1.1" 304 0
[23/Oct/2018 13:05:38] "GET /static/vendor/fontawesome-free/css/all.min.css HTTP/1.1" 304 0
[23/Oct/2018 13:05:38] "GET /static/vendor/magnific-popup/magnific-popup.css HTTP/1.1" 304 0
[23/Oct/2018 13:05:38] "GET /static/css/freelancer.min.css HTTP/1.1" 304 0
[23/Oct/2018 13:05:38] "GET /static/vendor/bootstrap/js/bootstrap.bundle.min.js HTTP/1.1" 304 0
[23/Oct/2018 13:05:38] "GET /static/vendor/jquery/jquery.min.js HTTP/1.1" 304 0
[23/Oct/2018 13:05:38] "GET /static/vendor/jquery-easing/jquery.easing.min.js HTTP/1.1" 304 0
[23/Oct/2018 13:05:38] "GET /static/vendor/magnific-popup/jquery.magnific-popup.min.js HTTP/1.1" 304 0
[23/Oct/2018 13:05:38] "GET /static/js/jqBootstrapValidation.js HTTP/1.1" 304 0
[23/Oct/2018 13:05:38] "GET /static/js/contact_me.js HTTP/1.1" 304 0
[23/Oct/2018 13:05:38] "GET /static/js/freelancer.min.js HTTP/1.1" 304 0
[23/Oct/2018 13:05:38] "GET /static/img/portfolio/cabin.png HTTP/1.1" 304 0
[23/Oct/2018 13:05:38] "GET /static/img/portfolio/cake.png HTTP/1.1" 304 0
[23/Oct/2018 13:05:38] "GET /static/img/profile.png HTTP/1.1" 304 0
[23/Oct/2018 13:05:38] "GET /static/img/portfolio/circus.png HTTP/1.1" 304 0
[23/Oct/2018 13:05:38] "GET /static/img/portfolio/safe.png HTTP/1.1" 304 0
[23/Oct/2018 13:05:38] "GET /static/img/portfolio/game.png HTTP/1.1" 304 0
[23/Oct/2018 13:05:38] "GET /static/img/portfolio/submarine.png HTTP/1.1" 304 0
